#
# A fatal error has been detected by the Java Runtime Environment:
#
#  SIGFPE (0x8) at pc=0x0000000111017608, pid=42940, tid=0x0000000000002303
#
# JRE version: OpenJDK Runtime Environment (8.0_282-b08) (build 1.8.0_282-b08)
# Java VM: OpenJDK 64-Bit Server VM (25.282-b08 mixed mode bsd-amd64 compressed oops)
# Problematic frame:
# j  com.util.Calculator.divide(II)I+0
#
# Failed to write core dump. Core dumps have been disabled. To enable core dumping, try "ulimit -c unlimited" before starting Java again
#
# If you would like to submit a bug report, please visit:
#   https://github.com/AdoptOpenJDK/openjdk-support/issues
#

---------------  T H R E A D  ---------------

Current thread (0x00007f86a1011000):  JavaThread "main" [_thread_in_Java, id=8963, stack(0x0000000309f6f000,0x000000030a06f000)]

siginfo: si_signo: 8 (SIGFPE), si_code: 5 (FPE_FLTINV), si_addr: 0x0000000111017608

Registers:
RAX=0x0000000000000004, RBX=0x000000000000006c, RCX=0x0000000000000000, RDX=0x0000000000000000
RSP=0x000000030a06c270, RBP=0x000000030a06c2b0, RSI=0x0000000000000008, RDI=0x00007f86a1011000
R8 =0x000000010ff102d0, R9 =0x0000000000000001, R10=0x000000010ff18df0, R11=0x000000010ff09583
R12=0x0000000000000000, R13=0x000000012c075712, R14=0x000000030a06c2c8, R15=0x00007f86a1011000
RIP=0x0000000111017608, EFLAGS=0x0000000000000a83, ERR=0x0000000000000000
  TRAPNO=0x0000000000000000

Top of Stack: (sp=0x000000030a06c270)
0x000000030a06c270:   000000030a06c270 000000012c075710
0x000000030a06c280:   000000030a06c2c8 000000012c075830
0x000000030a06c290:   0000000000000000 000000012c075740
0x000000030a06c2a0:   0000000000000000 000000030a06c2c0
0x000000030a06c2b0:   000000030a06c310 0000000111002a40
0x000000030a06c2c0:   0000000000000000 0000000000000004
0x000000030a06c2d0:   000000030a06c2d0 0000000129a755f2
0x000000030a06c2e0:   000000030a06c328 0000000129ac8ea8
0x000000030a06c2f0:   0000000000000000 0000000129a75628
0x000000030a06c300:   000000030a06c2c0 000000030a06c328
0x000000030a06c310:   000000030a06c390 0000000110ffb4e7
0x000000030a06c320:   0000000000000000 000000076c50fbf0
0x000000030a06c330:   00007f8600001fa0 0000000129a75628
0x000000030a06c340:   00007f86a1011000 00007f86a1011000
0x000000030a06c350:   000000030a06c568 0000000000000001
0x000000030a06c360:   000000030a06c400 000000030a06c568
0x000000030a06c370:   000000000000000a 0000000129a75628
0x000000030a06c380:   000000011100e340 000000030a06c650
0x000000030a06c390:   000000030a06c500 000000010fac891f
0x000000030a06c3a0:   0000000000000001 00007f86a1011000
0x000000030a06c3b0:   00000001295958d0 00007f86a1011000
0x000000030a06c3c0:   00007f869fe08490 00007f869fe08590
0x000000030a06c3d0:   00007f869fe085c0 00007f869fe08678
0x000000030a06c3e0:   00000000000000d8 000000030a06ead8
0x000000030a06c3f0:   00007f86a1011000 00000001295958d0
0x000000030a06c400:   00007f86a1011000 00007f869fc14440
0x000000030a06c410:   0000000129a75628 000000076c50fbf0
0x000000030a06c420:   000000030a06c7f0 0000000111012e1b
0x000000030a06c430:   000000030a06c848 000000030a06c560
0x000000030a06c440:   000000011100e340 00000000fffffffe
0x000000030a06c450:   0000000000000000 0000000129a75628
0x000000030a06c460:   00007f86a1011000 0000000129a75628 

Instructions: (pc=0x0000000111017608)
0x00000001110175e8:   c8 8b 04 24 48 83 c4 08 81 f8 00 00 00 80 0f 85
0x00000001110175f8:   0b 00 00 00 33 d2 83 f9 ff 0f 84 03 00 00 00 99
0x0000000111017608:   f7 f9 41 0f b6 5d 01 49 ff c5 49 ba f0 8d f1 0f
0x0000000111017618:   01 00 00 00 41 ff 24 da 80 00 00 00 00 00 00 00 

Register to memory mapping:

RAX=0x0000000000000004 is an unknown value
RBX=0x000000000000006c is an unknown value
RCX=0x0000000000000000 is an unknown value
RDX=0x0000000000000000 is an unknown value
RSP=0x000000030a06c270 is pointing into the stack for thread: 0x00007f86a1011000
RBP=0x000000030a06c2b0 is pointing into the stack for thread: 0x00007f86a1011000
RSI=0x0000000000000008 is an unknown value
RDI=0x00007f86a1011000 is a thread
R8 =0x000000010ff102d0: _ZN2os16_processor_countE+0 in /Users/sfmewl/Library/Java/JavaVirtualMachines/adopt-openjdk-1.8.0_282/Contents/Home/jre/lib/server/libjvm.dylib at 0x000000010f800000
R9 =0x0000000000000001 is an unknown value
R10=0x000000010ff18df0: _ZN19TemplateInterpreter13_active_tableE+0x2000 in /Users/sfmewl/Library/Java/JavaVirtualMachines/adopt-openjdk-1.8.0_282/Contents/Home/jre/lib/server/libjvm.dylib at 0x000000010f800000
R11=0x000000010ff09583: AssumeMP+0 in /Users/sfmewl/Library/Java/JavaVirtualMachines/adopt-openjdk-1.8.0_282/Contents/Home/jre/lib/server/libjvm.dylib at 0x000000010f800000
R12=0x0000000000000000 is an unknown value
R13=0x000000012c075712 is pointing into metadata
R14=0x000000030a06c2c8 is pointing into the stack for thread: 0x00007f86a1011000
R15=0x00007f86a1011000 is a thread


Stack: [0x0000000309f6f000,0x000000030a06f000],  sp=0x000000030a06c270,  free space=1012k
Native frames: (J=compiled Java code, j=interpreted, Vv=VM code, C=native code)
j  com.util.Calculator.divide(II)I+0
j  com.util.Junit5DemoTest.divideTest()V+2
v  ~StubRoutines::call_stub
V  [libjvm.dylib+0x2c891f]
V  [libjvm.dylib+0x4d42a2]
V  [libjvm.dylib+0x4d4e5a]
V  [libjvm.dylib+0x34351a]
j  sun.reflect.NativeMethodAccessorImpl.invoke0(Ljava/lang/reflect/Method;Ljava/lang/Object;[Ljava/lang/Object;)Ljava/lang/Object;+0
j  sun.reflect.NativeMethodAccessorImpl.invoke(Ljava/lang/Object;[Ljava/lang/Object;)Ljava/lang/Object;+100
j  sun.reflect.DelegatingMethodAccessorImpl.invoke(Ljava/lang/Object;[Ljava/lang/Object;)Ljava/lang/Object;+6
j  java.lang.reflect.Method.invoke(Ljava/lang/Object;[Ljava/lang/Object;)Ljava/lang/Object;+56
j  org.junit.platform.commons.util.ReflectionUtils.invokeMethod(Ljava/lang/reflect/Method;Ljava/lang/Object;[Ljava/lang/Object;)Ljava/lang/Object;+41
j  org.junit.jupiter.engine.execution.MethodInvocation.proceed()Ljava/lang/Object;+16
j  org.junit.jupiter.engine.execution.InvocationInterceptorChain$ValidatingInvocation.proceed()Ljava/lang/Object;+8
j  org.junit.jupiter.engine.extension.TimeoutExtension.intercept(Lorg/junit/jupiter/api/extension/InvocationInterceptor$Invocation;Lorg/junit/jupiter/api/extension/ReflectiveInvocationContext;Lorg/junit/jupiter/api/extension/ExtensionContext;Lorg/junit/jupiter/engine/extension/TimeoutDuration;Lorg/junit/jupiter/engine/extension/TimeoutExtension$TimeoutProvider;)Ljava/lang/Object;+28
j  org.junit.jupiter.engine.extension.TimeoutExtension.interceptTestableMethod(Lorg/junit/jupiter/api/extension/InvocationInterceptor$Invocation;Lorg/junit/jupiter/api/extension/ReflectiveInvocationContext;Lorg/junit/jupiter/api/extension/ExtensionContext;Lorg/junit/jupiter/engine/extension/TimeoutExtension$TimeoutProvider;)Ljava/lang/Object;+31
j  org.junit.jupiter.engine.extension.TimeoutExtension.interceptTestMethod(Lorg/junit/jupiter/api/extension/InvocationInterceptor$Invocation;Lorg/junit/jupiter/api/extension/ReflectiveInvocationContext;Lorg/junit/jupiter/api/extension/ExtensionContext;)V+9
j  org.junit.jupiter.engine.descriptor.TestMethodTestDescriptor$$Lambda$125.apply(Lorg/junit/jupiter/api/extension/InvocationInterceptor;Lorg/junit/jupiter/api/extension/InvocationInterceptor$Invocation;Lorg/junit/jupiter/api/extension/ReflectiveInvocationContext;Lorg/junit/jupiter/api/extension/ExtensionContext;)V+5
j  org.junit.jupiter.engine.execution.ExecutableInvoker$ReflectiveInterceptorCall.lambda$ofVoidMethod$0(Lorg/junit/jupiter/engine/execution/ExecutableInvoker$ReflectiveInterceptorCall$VoidMethodInterceptorCall;Lorg/junit/jupiter/api/extension/InvocationInterceptor;Lorg/junit/jupiter/api/extension/InvocationInterceptor$Invocation;Lorg/junit/jupiter/api/extension/ReflectiveInvocationContext;Lorg/junit/jupiter/api/extension/ExtensionContext;)Ljava/lang/Void;+6
j  org.junit.jupiter.engine.execution.ExecutableInvoker$ReflectiveInterceptorCall$$Lambda$126.apply(Lorg/junit/jupiter/api/extension/InvocationInterceptor;Lorg/junit/jupiter/api/extension/InvocationInterceptor$Invocation;Lorg/junit/jupiter/api/extension/ReflectiveInvocationContext;Lorg/junit/jupiter/api/extension/ExtensionContext;)Ljava/lang/Object;+9
j  org.junit.jupiter.engine.execution.ExecutableInvoker.lambda$invoke$0(Lorg/junit/jupiter/engine/execution/ExecutableInvoker$ReflectiveInterceptorCall;Lorg/junit/jupiter/api/extension/ReflectiveInvocationContext;Lorg/junit/jupiter/api/extension/ExtensionContext;Lorg/junit/jupiter/api/extension/InvocationInterceptor;Lorg/junit/jupiter/api/extension/InvocationInterceptor$Invocation;)Ljava/lang/Object;+6
j  org.junit.jupiter.engine.execution.ExecutableInvoker$$Lambda$262.apply(Lorg/junit/jupiter/api/extension/InvocationInterceptor;Lorg/junit/jupiter/api/extension/InvocationInterceptor$Invocation;)Ljava/lang/Object;+14
j  org.junit.jupiter.engine.execution.InvocationInterceptorChain$InterceptedInvocation.proceed()Ljava/lang/Object;+12
j  org.junit.jupiter.engine.execution.InvocationInterceptorChain.proceed(Lorg/junit/jupiter/api/extension/InvocationInterceptor$Invocation;)Ljava/lang/Object;+1
j  org.junit.jupiter.engine.execution.InvocationInterceptorChain.chainAndInvoke(Lorg/junit/jupiter/api/extension/InvocationInterceptor$Invocation;Lorg/junit/jupiter/engine/execution/InvocationInterceptorChain$InterceptorCall;Ljava/util/List;)Ljava/lang/Object;+24
j  org.junit.jupiter.engine.execution.InvocationInterceptorChain.invoke(Lorg/junit/jupiter/api/extension/InvocationInterceptor$Invocation;Lorg/junit/jupiter/engine/extension/ExtensionRegistry;Lorg/junit/jupiter/engine/execution/InvocationInterceptorChain$InterceptorCall;)Ljava/lang/Object;+31
j  org.junit.jupiter.engine.execution.ExecutableInvoker.invoke(Lorg/junit/jupiter/api/extension/InvocationInterceptor$Invocation;Lorg/junit/jupiter/api/extension/ReflectiveInvocationContext;Lorg/junit/jupiter/api/extension/ExtensionContext;Lorg/junit/jupiter/engine/extension/ExtensionRegistry;Lorg/junit/jupiter/engine/execution/ExecutableInvoker$ReflectiveInterceptorCall;)Ljava/lang/Object;+15
j  org.junit.jupiter.engine.execution.ExecutableInvoker.invoke(Ljava/lang/reflect/Method;Ljava/lang/Object;Lorg/junit/jupiter/api/extension/ExtensionContext;Lorg/junit/jupiter/engine/extension/ExtensionRegistry;Lorg/junit/jupiter/engine/execution/ExecutableInvoker$ReflectiveInterceptorCall;)Ljava/lang/Object;+56
j  org.junit.jupiter.engine.descriptor.TestMethodTestDescriptor.lambda$invokeTestMethod$6(Lorg/junit/jupiter/api/extension/ExtensionContext;Lorg/junit/jupiter/engine/execution/JupiterEngineExecutionContext;)V+28
j  org.junit.jupiter.engine.descriptor.TestMethodTestDescriptor$$Lambda$273.execute()V+12
j  org.junit.platform.engine.support.hierarchical.ThrowableCollector.execute(Lorg/junit/platform/engine/support/hierarchical/ThrowableCollector$Executable;)V+1
j  org.junit.jupiter.engine.descriptor.TestMethodTestDescriptor.invokeTestMethod(Lorg/junit/jupiter/engine/execution/JupiterEngineExecutionContext;Lorg/junit/platform/engine/support/hierarchical/Node$DynamicTestExecutor;)V+21
j  org.junit.jupiter.engine.descriptor.TestMethodTestDescriptor.execute(Lorg/junit/jupiter/engine/execution/JupiterEngineExecutionContext;Lorg/junit/platform/engine/support/hierarchical/Node$DynamicTestExecutor;)Lorg/junit/jupiter/engine/execution/JupiterEngineExecutionContext;+44
j  org.junit.jupiter.engine.descriptor.TestMethodTestDescriptor.execute(Lorg/junit/platform/engine/support/hierarchical/EngineExecutionContext;Lorg/junit/platform/engine/support/hierarchical/Node$DynamicTestExecutor;)Lorg/junit/platform/engine/support/hierarchical/EngineExecutionContext;+6
j  org.junit.platform.engine.support.hierarchical.NodeTestTask.lambda$executeRecursively$5()V+79
j  org.junit.platform.engine.support.hierarchical.NodeTestTask$$Lambda$209.execute()V+4
j  org.junit.platform.engine.support.hierarchical.ThrowableCollector.execute(Lorg/junit/platform/engine/support/hierarchical/ThrowableCollector$Executable;)V+1
j  org.junit.platform.engine.support.hierarchical.NodeTestTask.lambda$executeRecursively$7(Lorg/junit/platform/engine/support/hierarchical/EngineExecutionContext;)V+15
j  org.junit.platform.engine.support.hierarchical.NodeTestTask$$Lambda$208.invoke(Lorg/junit/platform/engine/support/hierarchical/EngineExecutionContext;)V+5
j  org.junit.platform.engine.support.hierarchical.Node.around(Lorg/junit/platform/engine/support/hierarchical/EngineExecutionContext;Lorg/junit/platform/engine/support/hierarchical/Node$Invocation;)V+2
j  org.junit.platform.engine.support.hierarchical.NodeTestTask.lambda$executeRecursively$8()V+14
j  org.junit.platform.engine.support.hierarchical.NodeTestTask$$Lambda$207.execute()V+4
j  org.junit.platform.engine.support.hierarchical.ThrowableCollector.execute(Lorg/junit/platform/engine/support/hierarchical/ThrowableCollector$Executable;)V+1
j  org.junit.platform.engine.support.hierarchical.NodeTestTask.executeRecursively()V+31
j  org.junit.platform.engine.support.hierarchical.NodeTestTask.execute()V+55
j  org.junit.platform.engine.support.hierarchical.SameThreadHierarchicalTestExecutorService$$Lambda$213.accept(Ljava/lang/Object;)V+4
j  java.util.ArrayList.forEach(Ljava/util/function/Consumer;)V+47
j  org.junit.platform.engine.support.hierarchical.SameThreadHierarchicalTestExecutorService.invokeAll(Ljava/util/List;)V+6
j  org.junit.platform.engine.support.hierarchical.NodeTestTask.lambda$executeRecursively$5()V+116
j  org.junit.platform.engine.support.hierarchical.NodeTestTask$$Lambda$209.execute()V+4
j  org.junit.platform.engine.support.hierarchical.ThrowableCollector.execute(Lorg/junit/platform/engine/support/hierarchical/ThrowableCollector$Executable;)V+1
j  org.junit.platform.engine.support.hierarchical.NodeTestTask.lambda$executeRecursively$7(Lorg/junit/platform/engine/support/hierarchical/EngineExecutionContext;)V+15
j  org.junit.platform.engine.support.hierarchical.NodeTestTask$$Lambda$208.invoke(Lorg/junit/platform/engine/support/hierarchical/EngineExecutionContext;)V+5
j  org.junit.platform.engine.support.hierarchical.Node.around(Lorg/junit/platform/engine/support/hierarchical/EngineExecutionContext;Lorg/junit/platform/engine/support/hierarchical/Node$Invocation;)V+2
j  org.junit.platform.engine.support.hierarchical.NodeTestTask.lambda$executeRecursively$8()V+14
j  org.junit.platform.engine.support.hierarchical.NodeTestTask$$Lambda$207.execute()V+4
j  org.junit.platform.engine.support.hierarchical.ThrowableCollector.execute(Lorg/junit/platform/engine/support/hierarchical/ThrowableCollector$Executable;)V+1
j  org.junit.platform.engine.support.hierarchical.NodeTestTask.executeRecursively()V+31
j  org.junit.platform.engine.support.hierarchical.NodeTestTask.execute()V+55
j  org.junit.platform.engine.support.hierarchical.SameThreadHierarchicalTestExecutorService$$Lambda$213.accept(Ljava/lang/Object;)V+4
j  java.util.ArrayList.forEach(Ljava/util/function/Consumer;)V+47
j  org.junit.platform.engine.support.hierarchical.SameThreadHierarchicalTestExecutorService.invokeAll(Ljava/util/List;)V+6
j  org.junit.platform.engine.support.hierarchical.NodeTestTask.lambda$executeRecursively$5()V+116
j  org.junit.platform.engine.support.hierarchical.NodeTestTask$$Lambda$209.execute()V+4
j  org.junit.platform.engine.support.hierarchical.ThrowableCollector.execute(Lorg/junit/platform/engine/support/hierarchical/ThrowableCollector$Executable;)V+1
j  org.junit.platform.engine.support.hierarchical.NodeTestTask.lambda$executeRecursively$7(Lorg/junit/platform/engine/support/hierarchical/EngineExecutionContext;)V+15
j  org.junit.platform.engine.support.hierarchical.NodeTestTask$$Lambda$208.invoke(Lorg/junit/platform/engine/support/hierarchical/EngineExecutionContext;)V+5
j  org.junit.platform.engine.support.hierarchical.Node.around(Lorg/junit/platform/engine/support/hierarchical/EngineExecutionContext;Lorg/junit/platform/engine/support/hierarchical/Node$Invocation;)V+2
j  org.junit.platform.engine.support.hierarchical.NodeTestTask.lambda$executeRecursively$8()V+14
j  org.junit.platform.engine.support.hierarchical.NodeTestTask$$Lambda$207.execute()V+4
j  org.junit.platform.engine.support.hierarchical.ThrowableCollector.execute(Lorg/junit/platform/engine/support/hierarchical/ThrowableCollector$Executable;)V+1
j  org.junit.platform.engine.support.hierarchical.NodeTestTask.executeRecursively()V+31
j  org.junit.platform.engine.support.hierarchical.NodeTestTask.execute()V+55
j  org.junit.platform.engine.support.hierarchical.SameThreadHierarchicalTestExecutorService.submit(Lorg/junit/platform/engine/support/hierarchical/HierarchicalTestExecutorService$TestTask;)Ljava/util/concurrent/Future;+1
j  org.junit.platform.engine.support.hierarchical.HierarchicalTestExecutor.execute()Ljava/util/concurrent/Future;+74
j  org.junit.platform.engine.support.hierarchical.HierarchicalTestEngine.execute(Lorg/junit/platform/engine/ExecutionRequest;)V+31
j  org.junit.platform.launcher.core.EngineExecutionOrchestrator.execute(Lorg/junit/platform/engine/TestDescriptor;Lorg/junit/platform/engine/EngineExecutionListener;Lorg/junit/platform/engine/ConfigurationParameters;Lorg/junit/platform/engine/TestEngine;)V+24
j  org.junit.platform.launcher.core.EngineExecutionOrchestrator.execute(Lorg/junit/platform/launcher/core/LauncherDiscoveryResult;Lorg/junit/platform/engine/EngineExecutionListener;)V+86
j  org.junit.platform.launcher.core.EngineExecutionOrchestrator.lambda$execute$0(Lorg/junit/platform/launcher/core/InternalTestPlan;Lorg/junit/platform/launcher/core/LauncherDiscoveryResult;Lorg/junit/platform/launcher/TestExecutionListener;)V+18
j  org.junit.platform.launcher.core.EngineExecutionOrchestrator$$Lambda$156.accept(Ljava/lang/Object;)V+16
j  org.junit.platform.launcher.core.EngineExecutionOrchestrator.withInterceptedStreams(Lorg/junit/platform/engine/ConfigurationParameters;Lorg/junit/platform/launcher/core/TestExecutionListenerRegistry;Ljava/util/function/Consumer;)V+43
j  org.junit.platform.launcher.core.EngineExecutionOrchestrator.execute(Lorg/junit/platform/launcher/core/InternalTestPlan;[Lorg/junit/platform/launcher/TestExecutionListener;)V+35
j  org.junit.platform.launcher.core.DefaultLauncher.execute(Lorg/junit/platform/launcher/core/InternalTestPlan;[Lorg/junit/platform/launcher/TestExecutionListener;)V+6
j  org.junit.platform.launcher.core.DefaultLauncher.execute(Lorg/junit/platform/launcher/LauncherDiscoveryRequest;[Lorg/junit/platform/launcher/TestExecutionListener;)V+33
j  com.intellij.junit5.JUnit5IdeaTestRunner.startRunnerWithArgs([Ljava/lang/String;Ljava/lang/String;IZ)I+202
j  com.intellij.rt.junit.IdeaTestRunner$Repeater.startRunnerWithArgs(Lcom/intellij/rt/junit/IdeaTestRunner;[Ljava/lang/String;Ljava/util/ArrayList;Ljava/lang/String;IZ)I+22
j  com.intellij.rt.junit.JUnitStarter.prepareStreamsAndStart([Ljava/lang/String;Ljava/lang/String;Ljava/util/ArrayList;Ljava/lang/String;)I+116
j  com.intellij.rt.junit.JUnitStarter.main([Ljava/lang/String;)V+97
v  ~StubRoutines::call_stub
V  [libjvm.dylib+0x2c891f]
V  [libjvm.dylib+0x303393]
V  [libjvm.dylib+0x306a12]
C  [java+0x2d92]  JavaMain+0x9df
C  [libsystem_pthread.dylib+0x6950]  _pthread_start+0xe0
C  [libsystem_pthread.dylib+0x247b]  thread_start+0xf
C  0x0000000000000000


---------------  P R O C E S S  ---------------

Java Threads: ( => current thread )
  0x00007f86a0038000 JavaThread "Service Thread" daemon [_thread_blocked, id=40707, stack(0x000000030b2b5000,0x000000030b3b5000)]
  0x00007f8698066800 JavaThread "C1 CompilerThread3" daemon [_thread_blocked, id=23811, stack(0x000000030b1b2000,0x000000030b2b2000)]
  0x00007f8698065800 JavaThread "C2 CompilerThread2" daemon [_thread_blocked, id=23299, stack(0x000000030b0af000,0x000000030b1af000)]
  0x00007f8698064800 JavaThread "C2 CompilerThread1" daemon [_thread_blocked, id=41475, stack(0x000000030afac000,0x000000030b0ac000)]
  0x00007f86a102e800 JavaThread "C2 CompilerThread0" daemon [_thread_blocked, id=41987, stack(0x000000030aea9000,0x000000030afa9000)]
  0x00007f86a102b000 JavaThread "Monitor Ctrl-Break" daemon [_thread_in_native, id=22611, stack(0x000000030ada6000,0x000000030aea6000)]
  0x00007f86a100b000 JavaThread "Signal Dispatcher" daemon [_thread_blocked, id=42755, stack(0x000000030aca3000,0x000000030ada3000)]
  0x00007f86a080d000 JavaThread "Finalizer" daemon [_thread_blocked, id=17695, stack(0x000000030aa90000,0x000000030ab90000)]
  0x00007f8698027800 JavaThread "Reference Handler" daemon [_thread_blocked, id=13859, stack(0x000000030a98d000,0x000000030aa8d000)]
=>0x00007f86a1011000 JavaThread "main" [_thread_in_Java, id=8963, stack(0x0000000309f6f000,0x000000030a06f000)]

Other Threads:
  0x00007f86a0030800 VMThread [stack: 0x000000030a88a000,0x000000030a98a000] [id=13571]
  0x00007f86a008e800 WatcherThread [stack: 0x000000030b3b8000,0x000000030b4b8000] [id=24835]

VM state:not at safepoint (normal execution)

VM Mutex/Monitor currently owned by a thread: None

heap address: 0x00000006c0000000, size: 4096 MB, Compressed Oops mode: Zero based, Oop shift amount: 3
Narrow klass base: 0x0000000000000000, Narrow klass shift: 3
Compressed class space size: 1073741824 Address: 0x00000007c0000000

Heap:
 PSYoungGen      total 76288K, used 27579K [0x000000076ab00000, 0x0000000770000000, 0x00000007c0000000)
  eden space 65536K, 42% used [0x000000076ab00000,0x000000076c5eec98,0x000000076eb00000)
  from space 10752K, 0% used [0x000000076f580000,0x000000076f580000,0x0000000770000000)
  to   space 10752K, 0% used [0x000000076eb00000,0x000000076eb00000,0x000000076f580000)
 ParOldGen       total 175104K, used 0K [0x00000006c0000000, 0x00000006cab00000, 0x000000076ab00000)
  object space 175104K, 0% used [0x00000006c0000000,0x00000006c0000000,0x00000006cab00000)
 Metaspace       used 8697K, capacity 9718K, committed 9856K, reserved 1058816K
  class space    used 1148K, capacity 1346K, committed 1408K, reserved 1048576K

Card table byte_map: [0x000000011fffb000,0x00000001207fc000] byte_map_base: 0x000000011c9fb000

Marking Bits: (ParMarkBitMap*) 0x000000010ff10e38
 Begin Bits: [0x0000000120d52000, 0x0000000124d52000)
 End Bits:   [0x0000000124d52000, 0x0000000128d52000)

Polling page: 0x000000010b128000

CodeCache: size=245760Kb used=3376Kb max_used=3388Kb free=242383Kb
 bounds [0x0000000110ffb000, 0x000000011134b000, 0x000000011fffb000]
 total_blobs=1240 nmethods=919 adapters=236
 compilation: enabled

Compilation events (10 events):
Event: 0.863 Thread 0x00007f8698066800 nmethod 915 0x00000001113449d0 code [0x0000000111344b60, 0x0000000111344fe8]
Event: 0.863 Thread 0x00007f8698066800  916       3       sun.misc.URLClassPath$JarLoader$2::getContentLength (9 bytes)
Event: 0.863 Thread 0x00007f8698066800 nmethod 916 0x0000000111345150 code [0x00000001113452c0, 0x0000000111345510]
Event: 0.865 Thread 0x00007f8698066800  917       3       jdk.internal.org.objectweb.asm.ClassWriter::visitField (16 bytes)
Event: 0.865 Thread 0x00007f8698066800 nmethod 917 0x00000001113455d0 code [0x0000000111345740, 0x0000000111345968]
Event: 0.865 Thread 0x00007f8698066800  918       3       jdk.internal.org.objectweb.asm.FieldWriter::<init> (97 bytes)
Event: 0.866 Thread 0x00007f8698066800 nmethod 918 0x0000000111345a50 code [0x0000000111345c20, 0x00000001113460e8]
Event: 0.866 Thread 0x00007f86a102e800 nmethod 907% 0x0000000111349810 code [0x00000001113499e0, 0x000000011134a2a8]
Event: 0.867 Thread 0x00007f8698066800  919       3       java.net.URLStreamHandler::equals (45 bytes)
Event: 0.867 Thread 0x00007f8698066800 nmethod 919 0x0000000111349010 code [0x00000001113491a0, 0x00000001113496b8]

GC Heap History (0 events):
No events

Deoptimization events (2 events):
Event: 0.847 Thread 0x00007f86a1011000 Uncommon trap: reason=unstable_if action=reinterpret pc=0x0000000111327924 method=jdk.internal.org.objectweb.asm.Item.isEqualTo(Ljdk/internal/org/objectweb/asm/Item;)Z @ 331
Event: 0.861 Thread 0x00007f86a1011000 Uncommon trap: reason=unstable_if action=reinterpret pc=0x00000001111f05a0 method=java.lang.CharacterData.of(I)Ljava/lang/CharacterData; @ 4

Classes redefined (0 events):
No events

Internal exceptions (10 events):
Event: 0.680 Thread 0x00007f86a1011000 Exception <a 'java/lang/IncompatibleClassChangeError': Found class java.lang.Object, but interface was expected> (0x000000076befdc38) thrown at [/Users/jenkins/workspace/build-scripts/jobs/jdk8u/jdk8u-mac-x64-hotspot/workspace/build/src/hotspot/src/share/
Event: 0.682 Thread 0x00007f86a1011000 Exception <a 'java/lang/NoSuchMethodError': java.lang.Object.lambda$ofVoidMethod$0(Lorg/junit/jupiter/engine/execution/ExecutableInvoker$ReflectiveInterceptorCall$VoidMethodInterceptorCall;Lorg/junit/jupiter/api/extension/InvocationInterceptor;Lorg/junit/
Event: 0.698 Thread 0x00007f86a1011000 Exception <a 'java/lang/NoSuchMethodError': java.lang.Object.lambda$accept$0(Lorg/junit/platform/engine/TestDescriptor$Visitor;Lorg/junit/platform/engine/TestDescriptor;)V> (0x000000076bf58288) thrown at [/Users/jenkins/workspace/build-scripts/jobs/jdk8u/
Event: 0.704 Thread 0x00007f86a1011000 Exception <a 'java/lang/NoSuchMethodError': java.lang.Object.containsTests(Lorg/junit/platform/engine/TestDescriptor;)Z> (0x000000076bf8c7c0) thrown at [/Users/jenkins/workspace/build-scripts/jobs/jdk8u/jdk8u-mac-x64-hotspot/workspace/build/src/hotspot/sr
Event: 0.715 Thread 0x00007f86a1011000 Exception <a 'java/lang/IncompatibleClassChangeError': Found class java.lang.Object, but interface was expected> (0x000000076bff5c10) thrown at [/Users/jenkins/workspace/build-scripts/jobs/jdk8u/jdk8u-mac-x64-hotspot/workspace/build/src/hotspot/src/share/
Event: 0.752 Thread 0x00007f86a1011000 Exception <a 'java/lang/NoSuchMethodError': java.lang.Object.lambda$comparing$77a9974f$1(Ljava/util/function/Function;Ljava/lang/Object;Ljava/lang/Object;)I> (0x000000076c19af08) thrown at [/Users/jenkins/workspace/build-scripts/jobs/jdk8u/jdk8u-mac-x64-h
Event: 0.756 Thread 0x00007f86a1011000 Exception <a 'java/lang/NoSuchMethodError': java.lang.Object.lambda$thenComparing$36697e65$1(Ljava/util/Comparator;Ljava/lang/Object;Ljava/lang/Object;)I> (0x000000076c1ac3c8) thrown at [/Users/jenkins/workspace/build-scripts/jobs/jdk8u/jdk8u-mac-x64-hots
Event: 0.756 Thread 0x00007f86a1011000 Exception <a 'java/lang/NoSuchMethodError': java.lang.Object.lambda$comparing$ea9a8b3a$1(Ljava/util/Comparator;Ljava/util/function/Function;Ljava/lang/Object;Ljava/lang/Object;)I> (0x000000076c1b3fd0) thrown at [/Users/jenkins/workspace/build-scripts/jobs
Event: 0.795 Thread 0x00007f86a1011000 Exception <a 'java/lang/NoSuchMethodError': java.lang.Object.lambda$and$0(Ljava/util/function/Predicate;Ljava/lang/Object;)Z> (0x000000076c3b7ef8) thrown at [/Users/jenkins/workspace/build-scripts/jobs/jdk8u/jdk8u-mac-x64-hotspot/workspace/build/src/hotsp
Event: 0.840 Thread 0x00007f86a1011000 Exception <a 'java/lang/IncompatibleClassChangeError': Found class java.lang.Object, but interface was expected> (0x000000076c4ddb28) thrown at [/Users/jenkins/workspace/build-scripts/jobs/jdk8u/jdk8u-mac-x64-hotspot/workspace/build/src/hotspot/src/share/

Events (10 events):
Event: 0.865 loading class org/junit/jupiter/engine/extension/TimeoutDuration
Event: 0.865 loading class org/junit/jupiter/engine/extension/TimeoutDuration done
Event: 0.865 loading class org/junit/jupiter/engine/extension/TimeoutDuration
Event: 0.865 loading class org/junit/jupiter/engine/extension/TimeoutDuration done
Event: 0.865 loading class org/junit/jupiter/engine/extension/TimeoutConfiguration
Event: 0.865 loading class org/junit/jupiter/engine/extension/TimeoutConfiguration done
Event: 0.865 loading class org/junit/jupiter/engine/extension/TimeoutConfiguration
Event: 0.865 loading class org/junit/jupiter/engine/extension/TimeoutConfiguration done
Event: 0.865 loading class com/util/Caltulator
Event: 0.865 loading class com/util/Caltulator done


Dynamic libraries:
0x00007ffdffc9b000 	/Library/Apple/usr/libexec/oah/runtime
0x00007fff3525f000 	/System/Library/Frameworks/Cocoa.framework/Versions/A/Cocoa
0x00007fff22104000 	/System/Library/Frameworks/Security.framework/Versions/A/Security
0x00007fff3345c000 	/System/Library/Frameworks/ApplicationServices.framework/Versions/A/ApplicationServices
0x00007fff2a5ad000 	/usr/lib/libz.1.dylib
0x00007fff2a679000 	/usr/lib/libSystem.B.dylib
0x00007fff20395000 	/System/Library/Frameworks/CoreFoundation.framework/Versions/A/CoreFoundation
0x00007fff21077000 	/System/Library/Frameworks/Foundation.framework/Versions/C/Foundation
0x00007fff201b4000 	/usr/lib/libobjc.A.dylib
0x00007fff22b2b000 	/System/Library/Frameworks/AppKit.framework/Versions/C/AppKit
0x00007fff259e9000 	/System/Library/Frameworks/CoreData.framework/Versions/A/CoreData
0x00007fff2388e000 	/System/Library/PrivateFrameworks/UIFoundation.framework/Versions/A/UIFoundation
0x00007fff2fe3b000 	/System/Library/PrivateFrameworks/RemoteViewServices.framework/Versions/A/RemoteViewServices
0x00007fff28bc5000 	/System/Library/PrivateFrameworks/XCTTargetBootstrap.framework/Versions/A/XCTTargetBootstrap
0x00007fff2b917000 	/usr/lib/libspindump.dylib
0x00007fff23ae3000 	/System/Library/Frameworks/UniformTypeIdentifiers.framework/Versions/A/UniformTypeIdentifiers
0x00007fff2739b000 	/usr/lib/libapp_launch_measurement.dylib
0x00007fff2739e000 	/System/Library/PrivateFrameworks/CoreAutoLayout.framework/Versions/A/CoreAutoLayout
0x00007fff28527000 	/System/Library/Frameworks/Metal.framework/Versions/A/Metal
0x00007fff2921e000 	/usr/lib/liblangid.dylib
0x00007fff28bc9000 	/System/Library/PrivateFrameworks/CoreSVG.framework/Versions/A/CoreSVG
0x00007fff24aca000 	/System/Library/PrivateFrameworks/SkyLight.framework/Versions/A/SkyLight
0x00007fff24e31000 	/System/Library/Frameworks/CoreGraphics.framework/Versions/A/CoreGraphics
0x00007fff30492000 	/System/Library/Frameworks/Accelerate.framework/Versions/A/Accelerate
0x00007fff2b352000 	/System/Library/PrivateFrameworks/IconServices.framework/Versions/A/IconServices
0x00007fff2850c000 	/System/Library/Frameworks/IOSurface.framework/Versions/A/IOSurface
0x00007fff2637b000 	/usr/lib/libDiagnosticMessagesClient.dylib
0x00007fff28bb1000 	/System/Library/PrivateFrameworks/DFRFoundation.framework/Versions/A/DFRFoundation
0x00007fff22456000 	/usr/lib/libicucore.A.dylib
0x00007fff2ce5c000 	/System/Library/Frameworks/AudioToolbox.framework/Versions/A/AudioToolbox
0x00007fff2c101000 	/System/Library/PrivateFrameworks/DataDetectorsCore.framework/Versions/A/DataDetectorsCore
0x00007fff288b1000 	/System/Library/Frameworks/Carbon.framework/Versions/A/Frameworks/HIToolbox.framework/Versions/A/HIToolbox
0x00007fff26df6000 	/System/Library/Frameworks/QuartzCore.framework/Versions/A/QuartzCore
0x00007fff2fe77000 	/System/Library/Frameworks/Carbon.framework/Versions/A/Frameworks/SpeechRecognition.framework/Versions/A/SpeechRecognition
0x00007fff27103000 	/System/Library/PrivateFrameworks/CoreUI.framework/Versions/A/CoreUI
0x00007fff21a5f000 	/System/Library/Frameworks/CoreAudio.framework/Versions/A/CoreAudio
0x00007fff26466000 	/System/Library/Frameworks/DiskArbitration.framework/Versions/A/DiskArbitration
0x00007fff2bd11000 	/System/Library/PrivateFrameworks/MultitouchSupport.framework/Versions/A/MultitouchSupport
0x00007fff2c0f8000 	/System/Library/PrivateFrameworks/InternationalSupport.framework/Versions/A/InternationalSupport
0x00007fff24a3e000 	/usr/lib/libenergytrace.dylib
0x00007fff22a24000 	/System/Library/Frameworks/IOKit.framework/Versions/A/IOKit
0x00007fff301c4000 	/System/Library/Frameworks/CoreServices.framework/Versions/A/CoreServices
0x00007fff27331000 	/System/Library/PrivateFrameworks/PerformanceAnalysis.framework/Versions/A/PerformanceAnalysis
0x00007fff6cb39000 	/System/Library/Frameworks/OpenGL.framework/Versions/A/OpenGL
0x00007fff2c17d000 	/System/Library/PrivateFrameworks/UserActivity.framework/Versions/A/UserActivity
0x00007fff254eb000 	/System/Library/Frameworks/ColorSync.framework/Versions/A/ColorSync
0x00007fff28e35000 	/System/Library/Frameworks/CoreImage.framework/Versions/A/CoreImage
0x00007fff21876000 	/System/Library/Frameworks/CoreText.framework/Versions/A/CoreText
0x00007fff28bf3000 	/System/Library/Frameworks/ImageIO.framework/Versions/A/ImageIO
0x00007fff2a67f000 	/System/Library/PrivateFrameworks/SoftLinking.framework/Versions/A/SoftLinking
0x00007fff273e7000 	/usr/lib/libxml2.2.dylib
0x00007fff2027a000 	/usr/lib/libc++.1.dylib
0x00007fff2a8f1000 	/usr/lib/libcompression.dylib
0x00007fff24a3f000 	/usr/lib/libMobileGestalt.dylib
0x00007fff2c02b000 	/System/Library/PrivateFrameworks/TextureIO.framework/Versions/A/TextureIO
0x00007fff2afdf000 	/usr/lib/libate.dylib
0x00007fff2a673000 	/usr/lib/system/libcache.dylib
0x00007fff2a62f000 	/usr/lib/system/libcommonCrypto.dylib
0x00007fff2a659000 	/usr/lib/system/libcompiler_rt.dylib
0x00007fff2a64e000 	/usr/lib/system/libcopyfile.dylib
0x00007fff200a2000 	/usr/lib/system/libcorecrypto.dylib
0x00007fff2016f000 	/usr/lib/system/libdispatch.dylib
0x00007fff20324000 	/usr/lib/system/libdyld.dylib
0x00007fff2a66a000 	/usr/lib/system/libkeymgr.dylib
0x00007fff2dc0e000 	/usr/lib/system/liblaunch.dylib
0x00007fff2a60d000 	/usr/lib/system/libmacho.dylib
0x00007fff29e22000 	/usr/lib/system/libquarantine.dylib
0x00007fff2a667000 	/usr/lib/system/libremovefile.dylib
0x00007fff24a9b000 	/usr/lib/system/libsystem_asl.dylib
0x00007fff20052000 	/usr/lib/system/libsystem_blocks.dylib
0x00007fff201f1000 	/usr/lib/system/libsystem_c.dylib
0x00007fff2a661000 	/usr/lib/system/libsystem_collections.dylib
0x00007fff2920f000 	/usr/lib/system/libsystem_configuration.dylib
0x00007fff284fb000 	/usr/lib/system/libsystem_containermanager.dylib
0x00007fff2a3a5000 	/usr/lib/system/libsystem_coreservices.dylib
0x00007fff226b8000 	/usr/lib/system/libsystem_darwin.dylib
0x00007fff2a66b000 	/usr/lib/system/libsystem_dnssd.dylib
0x00007fff201ee000 	/usr/lib/system/libsystem_featureflags.dylib
0x00007fff20369000 	/usr/lib/system/libsystem_info.dylib
0x00007fff2a5c0000 	/usr/lib/system/libsystem_m.dylib
0x00007fff20142000 	/usr/lib/system/libsystem_malloc.dylib
0x00007fff24a2f000 	/usr/lib/system/libsystem_networkextension.dylib
0x00007fff22ad3000 	/usr/lib/system/libsystem_notify.dylib
0x00007fff300c2000 	/usr/lib/system/libsystem_product_info_filter.dylib
0x00007fff29213000 	/usr/lib/system/libsystem_sandbox.dylib
0x00007fff2a664000 	/usr/lib/system/libsystem_secinit.dylib
0x00007fff202e9000 	/usr/lib/system/libsystem_kernel.dylib
0x00007fff2035f000 	/usr/lib/system/libsystem_platform.dylib
0x00007fff20318000 	/usr/lib/system/libsystem_pthread.dylib
0x00007fff261c9000 	/usr/lib/system/libsystem_symptoms.dylib
0x00007fff2008a000 	/usr/lib/system/libsystem_trace.dylib
0x00007fff2a63b000 	/usr/lib/system/libunwind.dylib
0x00007fff20054000 	/usr/lib/system/libxpc.dylib
0x00007fff202d0000 	/usr/lib/libc++abi.dylib
0x00007fff2a646000 	/usr/lib/liboah.dylib
0x00007fff2ad0a000 	/usr/lib/liblzma.5.dylib
0x00007fff20d8b000 	/System/Library/Frameworks/SystemConfiguration.framework/Versions/A/SystemConfiguration
0x00007fff2a67b000 	/usr/lib/libfakelink.dylib
0x00007fff24591000 	/System/Library/Frameworks/CFNetwork.framework/Versions/A/CFNetwork
0x00007fff2a7bb000 	/usr/lib/libarchive.2.dylib
0x00007fff20e09000 	/usr/lib/libCRFSuite.dylib
0x00007fff29e49000 	/usr/lib/libbsm.0.dylib
0x00007fff23f4d000 	/usr/lib/libnetwork.dylib
0x00007fff2a680000 	/usr/lib/libpcap.A.dylib
0x00007fff261c2000 	/usr/lib/libdns_services.dylib
0x00007fff2ad23000 	/usr/lib/libcoretls_cfhelpers.dylib
0x00007fff2a8bf000 	/usr/lib/libapple_nghttp2.dylib
0x00007fff2a613000 	/usr/lib/system/libkxld.dylib
0x00007fff25e30000 	/usr/lib/libsqlite3.dylib
0x00007fff2a387000 	/System/Library/PrivateFrameworks/AppleFSCompression.framework/Versions/A/AppleFSCompression
0x00007fff29e31000 	/usr/lib/libcoretls.dylib
0x00007fff2a8ec000 	/usr/lib/libpam.2.dylib
0x00007fff2ae20000 	/usr/lib/libxar.1.dylib
0x00007fff2921a000 	/System/Library/PrivateFrameworks/AppleSystemInfo.framework/Versions/A/AppleSystemInfo
0x00007fff29a74000 	/System/Library/PrivateFrameworks/IOMobileFramebuffer.framework/Versions/A/IOMobileFramebuffer
0x00007fff2a397000 	/usr/lib/libbz2.1.0.dylib
0x00007fff2a6b8000 	/usr/lib/libiconv.2.dylib
0x00007fff2a60c000 	/usr/lib/libcharset.1.dylib
0x00007fff2736d000 	/System/Library/Frameworks/CoreServices.framework/Versions/A/Frameworks/FSEvents.framework/Versions/A/FSEvents
0x00007fff226c2000 	/System/Library/Frameworks/CoreServices.framework/Versions/A/Frameworks/CarbonCore.framework/Versions/A/CarbonCore
0x00007fff263cb000 	/System/Library/Frameworks/CoreServices.framework/Versions/A/Frameworks/Metadata.framework/Versions/A/Metadata
0x00007fff2a3aa000 	/System/Library/Frameworks/CoreServices.framework/Versions/A/Frameworks/OSServices.framework/Versions/A/OSServices
0x00007fff2a82d000 	/System/Library/Frameworks/CoreServices.framework/Versions/A/Frameworks/SearchKit.framework/Versions/A/SearchKit
0x00007fff2614c000 	/System/Library/Frameworks/CoreServices.framework/Versions/A/Frameworks/AE.framework/Versions/A/AE
0x00007fff20831000 	/System/Library/Frameworks/CoreServices.framework/Versions/A/Frameworks/LaunchServices.framework/Versions/A/LaunchServices
0x00007fff2acbb000 	/System/Library/Frameworks/CoreServices.framework/Versions/A/Frameworks/DictionaryServices.framework/Versions/A/DictionaryServices
0x00007fff27376000 	/System/Library/Frameworks/CoreServices.framework/Versions/A/Frameworks/SharedFileList.framework/Versions/A/SharedFileList
0x00007fff29e25000 	/usr/lib/libCheckFix.dylib
0x00007fff24ab2000 	/System/Library/PrivateFrameworks/TCC.framework/Versions/A/TCC
0x00007fff29220000 	/System/Library/PrivateFrameworks/CoreNLP.framework/Versions/A/CoreNLP
0x00007fff2637e000 	/System/Library/PrivateFrameworks/MetadataUtilities.framework/Versions/A/MetadataUtilities
0x00007fff20e3f000 	/usr/lib/libmecabra.dylib
0x00007fff2a139000 	/System/Library/Frameworks/MLCompute.framework/Versions/A/MLCompute
0x00007fff29e5a000 	/usr/lib/libmecab.dylib
0x00007fff29ea4000 	/usr/lib/libgermantok.dylib
0x00007fff2a895000 	/usr/lib/libThaiTokenizer.dylib
0x00007fff2ae5b000 	/usr/lib/libChineseTokenizer.dylib
0x00007fff2a8ea000 	/System/Library/Frameworks/MetalPerformanceShaders.framework/Versions/A/MetalPerformanceShaders
0x00007fff2646d000 	/System/Library/Frameworks/Accelerate.framework/Versions/A/Frameworks/vImage.framework/Versions/A/vImage
0x00007fff3019d000 	/System/Library/Frameworks/Accelerate.framework/Versions/A/Frameworks/vecLib.framework/Versions/A/vecLib
0x00007fff2ae66000 	/System/Library/Frameworks/Accelerate.framework/Versions/A/Frameworks/vecLib.framework/Versions/A/libvMisc.dylib
0x00007fff298d0000 	/System/Library/Frameworks/Accelerate.framework/Versions/A/Frameworks/vecLib.framework/Versions/A/libvDSP.dylib
0x00007fff20b35000 	/System/Library/Frameworks/Accelerate.framework/Versions/A/Frameworks/vecLib.framework/Versions/A/libBLAS.dylib
0x00007fff2a910000 	/System/Library/Frameworks/Accelerate.framework/Versions/A/Frameworks/vecLib.framework/Versions/A/libLAPACK.dylib
0x00007fff29eaa000 	/System/Library/Frameworks/Accelerate.framework/Versions/A/Frameworks/vecLib.framework/Versions/A/libLinearAlgebra.dylib
0x00007fff2a8d7000 	/System/Library/Frameworks/Accelerate.framework/Versions/A/Frameworks/vecLib.framework/Versions/A/libSparseBLAS.dylib
0x00007fff2a90a000 	/System/Library/Frameworks/Accelerate.framework/Versions/A/Frameworks/vecLib.framework/Versions/A/libQuadrature.dylib
0x00007fff292c8000 	/System/Library/Frameworks/Accelerate.framework/Versions/A/Frameworks/vecLib.framework/Versions/A/libBNNS.dylib
0x00007fff20d1c000 	/System/Library/Frameworks/Accelerate.framework/Versions/A/Frameworks/vecLib.framework/Versions/A/libSparse.dylib
0x00007fff291b3000 	/System/Library/Frameworks/MetalPerformanceShaders.framework/Versions/A/Frameworks/MPSCore.framework/Versions/A/MPSCore
0x00007fff2a2f6000 	/System/Library/Frameworks/MetalPerformanceShaders.framework/Versions/A/Frameworks/MPSImage.framework/Versions/A/MPSImage
0x00007fff29ec1000 	/System/Library/Frameworks/MetalPerformanceShaders.framework/Versions/A/Frameworks/MPSNeuralNetwork.framework/Versions/A/MPSNeuralNetwork
0x00007fff2a281000 	/System/Library/Frameworks/MetalPerformanceShaders.framework/Versions/A/Frameworks/MPSMatrix.framework/Versions/A/MPSMatrix
0x00007fff2a0e9000 	/System/Library/Frameworks/MetalPerformanceShaders.framework/Versions/A/Frameworks/MPSRayIntersector.framework/Versions/A/MPSRayIntersector
0x00007fff2a2b8000 	/System/Library/Frameworks/MetalPerformanceShaders.framework/Versions/A/Frameworks/MPSNDArray.framework/Versions/A/MPSNDArray
0x00007fff20a61000 	/System/Library/PrivateFrameworks/MetalTools.framework/Versions/A/MetalTools
0x00007fff29218000 	/System/Library/PrivateFrameworks/AggregateDictionary.framework/Versions/A/AggregateDictionary
0x00007fff26356000 	/System/Library/PrivateFrameworks/CoreAnalytics.framework/Versions/A/CoreAnalytics
0x00007fff2a897000 	/System/Library/PrivateFrameworks/AppleSauce.framework/Versions/A/AppleSauce
0x00007fff2851e000 	/System/Library/PrivateFrameworks/IOAccelerator.framework/Versions/A/IOAccelerator
0x00007fff6cb2d000 	/System/Library/Frameworks/OpenGL.framework/Versions/A/Libraries/libCoreFSCache.dylib
0x00007fff213db000 	/System/Library/PrivateFrameworks/LanguageModeling.framework/Versions/A/LanguageModeling
0x00007fff29a61000 	/System/Library/PrivateFrameworks/CoreEmoji.framework/Versions/A/CoreEmoji
0x00007fff292c1000 	/System/Library/PrivateFrameworks/LinguisticData.framework/Versions/A/LinguisticData
0x00007fff20cce000 	/System/Library/PrivateFrameworks/Lexicon.framework/Versions/A/Lexicon
0x00007fff2a7a9000 	/usr/lib/libcmph.dylib
0x00007fff2734d000 	/System/Library/Frameworks/OpenDirectory.framework/Versions/A/Frameworks/CFOpenDirectory.framework/Versions/A/CFOpenDirectory
0x00007fff2733d000 	/System/Library/Frameworks/OpenDirectory.framework/Versions/A/OpenDirectory
0x00007fff2ad25000 	/System/Library/PrivateFrameworks/APFS.framework/Versions/A/APFS
0x00007fff29d86000 	/System/Library/Frameworks/SecurityFoundation.framework/Versions/A/SecurityFoundation
0x00007fff2ae2e000 	/usr/lib/libutil.dylib
0x00007fff229e9000 	/System/Library/PrivateFrameworks/CoreServicesStore.framework/Versions/A/CoreServicesStore
0x00007fff29e1d000 	/System/Library/Frameworks/ServiceManagement.framework/Versions/A/ServiceManagement
0x00007fff2ae32000 	/usr/lib/libxslt.1.dylib
0x00007fff29e13000 	/System/Library/PrivateFrameworks/BackgroundTaskManagement.framework/Versions/A/BackgroundTaskManagement
0x00007fff2bf76000 	/System/Library/Frameworks/ImageIO.framework/Versions/A/Resources/libRadiance.dylib
0x00007fff2bf7f000 	/System/Library/Frameworks/ImageIO.framework/Versions/A/Resources/libJPEG.dylib
0x00007fff2becb000 	/System/Library/Frameworks/ImageIO.framework/Versions/A/Resources/libPng.dylib
0x00007fff2bef2000 	/System/Library/Frameworks/ImageIO.framework/Versions/A/Resources/libTIFF.dylib
0x00007fff2bfd4000 	/System/Library/Frameworks/ImageIO.framework/Versions/A/Resources/libGIF.dylib
0x00007fff2bc2f000 	/System/Library/Frameworks/ImageIO.framework/Versions/A/Resources/libJP2.dylib
0x00007fff2b319000 	/usr/lib/libexpat.1.dylib
0x00007fff2bbe4000 	/System/Library/PrivateFrameworks/AppleJPEG.framework/Versions/A/AppleJPEG
0x00007fff28754000 	/System/Library/PrivateFrameworks/FontServices.framework/libFontParser.dylib
0x00007fff26100000 	/System/Library/PrivateFrameworks/RunningBoardServices.framework/Versions/A/RunningBoardServices
0x00007fff2bd0d000 	/System/Library/PrivateFrameworks/WatchdogClient.framework/Versions/A/WatchdogClient
0x00007fff214c8000 	/System/Library/Frameworks/CoreDisplay.framework/Versions/A/CoreDisplay
0x00007fff2866a000 	/System/Library/Frameworks/CoreMedia.framework/Versions/A/CoreMedia
0x00007fff274ca000 	/System/Library/Frameworks/CoreVideo.framework/Versions/A/CoreVideo
0x00007fff2bd45000 	/System/Library/Frameworks/VideoToolbox.framework/Versions/A/VideoToolbox
0x00007fff2607e000 	/System/Library/PrivateFrameworks/BaseBoard.framework/Versions/A/BaseBoard
0x00007fff2b45e000 	/System/Library/PrivateFrameworks/PersistentConnection.framework/Versions/A/PersistentConnection
0x00007fff25e19000 	/System/Library/PrivateFrameworks/ProtocolBuffer.framework/Versions/A/ProtocolBuffer
0x00007fff26065000 	/System/Library/PrivateFrameworks/CommonUtilities.framework/Versions/A/CommonUtilities
0x00007fff2bb79000 	/System/Library/PrivateFrameworks/Bom.framework/Versions/A/Bom
0x00007fff2bf6f000 	/System/Library/PrivateFrameworks/GPUWrangler.framework/Versions/A/GPUWrangler
0x00007fff2bf52000 	/System/Library/PrivateFrameworks/IOPresentment.framework/Versions/A/IOPresentment
0x00007fff2bf79000 	/System/Library/PrivateFrameworks/DSExternalDisplay.framework/Versions/A/DSExternalDisplay
0x00007fff2bfd9000 	/System/Library/PrivateFrameworks/CMCaptureCore.framework/Versions/A/CMCaptureCore
0x00007fff2b8fe000 	/System/Library/PrivateFrameworks/AppServerSupport.framework/Versions/A/AppServerSupport
0x00007fff2d9ad000 	/System/Library/PrivateFrameworks/perfdata.framework/Versions/A/perfdata
0x00007fff29d75000 	/System/Library/PrivateFrameworks/AssertionServices.framework/Versions/A/AssertionServices
0x00007fff215ff000 	/System/Library/PrivateFrameworks/AudioToolboxCore.framework/Versions/A/AudioToolboxCore
0x00007fff2864d000 	/System/Library/PrivateFrameworks/caulk.framework/Versions/A/caulk
0x00007fff3d658000 	/System/Library/PrivateFrameworks/SystemPolicy.framework/Versions/A/SystemPolicy
0x00007fff2b10e000 	/usr/lib/libIOReport.dylib
0x00007fff2d1cf000 	/usr/lib/libSMC.dylib
0x00007fff2be98000 	/usr/lib/libAudioToolboxUtility.dylib
0x00007fff3dfc2000 	/usr/lib/libmis.dylib
0x00007fff6cb89000 	/System/Library/Frameworks/OpenGL.framework/Versions/A/Libraries/libGLU.dylib
0x00007fff6cb4c000 	/System/Library/Frameworks/OpenGL.framework/Versions/A/Libraries/libGFXShared.dylib
0x00007fff6cd5b000 	/System/Library/Frameworks/OpenGL.framework/Versions/A/Libraries/libGL.dylib
0x00007fff6cb55000 	/System/Library/Frameworks/OpenGL.framework/Versions/A/Libraries/libGLImage.dylib
0x00007fff6cb49000 	/System/Library/Frameworks/OpenGL.framework/Versions/A/Libraries/libCVMSPluginSupport.dylib
0x00007fff6cb34000 	/System/Library/Frameworks/OpenGL.framework/Versions/A/Libraries/libCoreVMClient.dylib
0x00007fff6e19c000 	/System/Library/Frameworks/OpenCL.framework/Versions/A/OpenCL
0x00007fff2b488000 	/System/Library/PrivateFrameworks/GraphVisualizer.framework/Versions/A/GraphVisualizer
0x00007fff2b497000 	/System/Library/PrivateFrameworks/FaceCore.framework/Versions/A/FaceCore
0x00007fff2b8b3000 	/System/Library/PrivateFrameworks/OTSVG.framework/Versions/A/OTSVG
0x00007fff270c1000 	/System/Library/Frameworks/ApplicationServices.framework/Versions/A/Frameworks/ATS.framework/Versions/A/Resources/libFontRegistry.dylib
0x00007fff2b905000 	/System/Library/PrivateFrameworks/FontServices.framework/libhvf.dylib
0x00007fff2b2c5000 	/System/Library/PrivateFrameworks/AppleVA.framework/Versions/A/AppleVA
0x00007fff2d018000 	/System/Library/Frameworks/ApplicationServices.framework/Versions/A/Frameworks/ATS.framework/Versions/A/ATS
0x00007fff2d32a000 	/System/Library/Frameworks/ApplicationServices.framework/Versions/A/Frameworks/ColorSyncLegacy.framework/Versions/A/ColorSyncLegacy
0x00007fff255e2000 	/System/Library/Frameworks/ApplicationServices.framework/Versions/A/Frameworks/HIServices.framework/Versions/A/HIServices
0x00007fff2d30f000 	/System/Library/Frameworks/ApplicationServices.framework/Versions/A/Frameworks/LangAnalysis.framework/Versions/A/LangAnalysis
0x00007fff2bfe3000 	/System/Library/Frameworks/ApplicationServices.framework/Versions/A/Frameworks/PrintCore.framework/Versions/A/PrintCore
0x00007fff2d332000 	/System/Library/Frameworks/ApplicationServices.framework/Versions/A/Frameworks/QD.framework/Versions/A/QD
0x00007fff2d008000 	/System/Library/Frameworks/ApplicationServices.framework/Versions/A/Frameworks/SpeechSynthesis.framework/Versions/A/SpeechSynthesis
0x00007fff2bfa4000 	/System/Library/Frameworks/ApplicationServices.framework/Versions/A/Frameworks/ATSUI.framework/Versions/A/ATSUI
0x00007fff2d2af000 	/usr/lib/libcups.2.dylib
0x00007fff2d31f000 	/System/Library/PrivateFrameworks/NetAuth.framework/Versions/A/NetAuth
0x00007fff2d9c9000 	/System/Library/Frameworks/Kerberos.framework/Versions/A/Kerberos
0x00007fff2d9d9000 	/System/Library/Frameworks/GSS.framework/Versions/A/GSS
0x00007fff2d084000 	/usr/lib/libresolv.9.dylib
0x00007fff2b91a000 	/System/Library/PrivateFrameworks/Heimdal.framework/Versions/A/Heimdal
0x00007fff3375d000 	/System/Library/Frameworks/Kerberos.framework/Versions/A/Libraries/libHeimdalProxy.dylib
0x00007fff261d1000 	/System/Library/Frameworks/Network.framework/Versions/A/Network
0x00007fff2b333000 	/usr/lib/libheimdal-asn1.dylib
0x00007fff2da29000 	/System/Library/PrivateFrameworks/CommonAuth.framework/Versions/A/CommonAuth
0x00007fff27517000 	/System/Library/PrivateFrameworks/login.framework/Versions/A/Frameworks/loginsupport.framework/Versions/A/loginsupport
0x00007fff2cf8d000 	/System/Library/PrivateFrameworks/AudioSession.framework/Versions/A/AudioSession
0x00007fff2cff5000 	/usr/lib/libAudioStatistics.dylib
0x00007fff2b3c0000 	/System/Library/PrivateFrameworks/MediaExperience.framework/Versions/A/MediaExperience
0x00007fff2ce2a000 	/System/Library/PrivateFrameworks/AudioSession.framework/libSessionUtility.dylib
0x00007fff2d9ba000 	/usr/lib/libperfcheck.dylib
0x00007fff2d33e000 	/System/Library/PrivateFrameworks/AudioResourceArbitration.framework/Versions/A/AudioResourceArbitration
0x00007fff2b33d000 	/System/Library/PrivateFrameworks/IconFoundation.framework/Versions/A/IconFoundation
0x00007fff2fe67000 	/System/Library/PrivateFrameworks/SpeechRecognitionCore.framework/Versions/A/SpeechRecognitionCore
0x00007fff5df87000 	/System/Library/CoreServices/Encodings/libSimplifiedChineseConverter.dylib
0x000000010f800000 	/Users/sfmewl/Library/Java/JavaVirtualMachines/adopt-openjdk-1.8.0_282/Contents/Home/jre/lib/server/libjvm.dylib
0x000000010b137000 	/Users/sfmewl/Library/Java/JavaVirtualMachines/adopt-openjdk-1.8.0_282/Contents/Home/jre/lib/libverify.dylib
0x000000010b15c000 	/Users/sfmewl/Library/Java/JavaVirtualMachines/adopt-openjdk-1.8.0_282/Contents/Home/jre/lib/libjava.dylib
0x000000010b1d3000 	/Users/sfmewl/Library/Java/JavaVirtualMachines/adopt-openjdk-1.8.0_282/Contents/Home/jre/lib/libinstrument.dylib
0x000000010b267000 	/Users/sfmewl/Library/Java/JavaVirtualMachines/adopt-openjdk-1.8.0_282/Contents/Home/jre/lib/libzip.dylib
0x000000010b7a1000 	/Users/sfmewl/Library/Java/JavaVirtualMachines/adopt-openjdk-1.8.0_282/Contents/Home/jre/lib/libnio.dylib
0x000000012bb0c000 	/Users/sfmewl/Library/Java/JavaVirtualMachines/adopt-openjdk-1.8.0_282/Contents/Home/jre/lib/libnet.dylib

VM Arguments:
jvm_args: -ea -Didea.test.cyclic.buffer.size=1048576 -javaagent:/Applications/IntelliJ IDEA.app/Contents/lib/idea_rt.jar=61252:/Applications/IntelliJ IDEA.app/Contents/bin -Dfile.encoding=UTF-8 
java_command: com.intellij.rt.junit.JUnitStarter -ideVersion5 -junit5 com.util.Junit5DemoTest,divideTest
java_class_path (initial): /Applications/IntelliJ IDEA.app/Contents/lib/idea_rt.jar:/Users/sfmewl/.m2/repository/org/junit/vintage/junit-vintage-engine/5.7.0/junit-vintage-engine-5.7.0.jar:/Applications/IntelliJ IDEA.app/Contents/plugins/junit/lib/junit5-rt.jar:/Applications/IntelliJ IDEA.app/Contents/plugins/junit/lib/junit-rt.jar:/Users/sfmewl/Library/Java/JavaVirtualMachines/adopt-openjdk-1.8.0_282/Contents/Home/jre/lib/charsets.jar:/Users/sfmewl/Library/Java/JavaVirtualMachines/adopt-openjdk-1.8.0_282/Contents/Home/jre/lib/ext/cldrdata.jar:/Users/sfmewl/Library/Java/JavaVirtualMachines/adopt-openjdk-1.8.0_282/Contents/Home/jre/lib/ext/dnsns.jar:/Users/sfmewl/Library/Java/JavaVirtualMachines/adopt-openjdk-1.8.0_282/Contents/Home/jre/lib/ext/jaccess.jar:/Users/sfmewl/Library/Java/JavaVirtualMachines/adopt-openjdk-1.8.0_282/Contents/Home/jre/lib/ext/localedata.jar:/Users/sfmewl/Library/Java/JavaVirtualMachines/adopt-openjdk-1.8.0_282/Contents/Home/jre/lib/ext/nashorn.jar:/Users/sfmewl/Library/Java/JavaVirtualMachines/adopt-openjdk-1.8.0_282/Contents/Home/jre/lib/ext/sunec.jar:/Users/sfmewl/Library/Java/JavaVirtualMachines/adopt-openjdk-1.8.0_282/Contents/Home/jre/lib/ext/sunjce_provider.jar:/Users/sfmewl/Library/Java/JavaVirtualMachines/adopt-openjdk-1.8.0_282/Contents/Home/jre/lib/ext/sunpkcs11.jar:/Users/sfmewl/Library/Java/JavaVirtualMachines/adopt-openjdk-1.8.0_282/Contents/Home/jre/lib/ext/zipfs.jar:/Users/sfmewl/Library/Java/JavaVirtualMachines/adopt-openjdk-1.8.0_282/Contents/Home/jre/lib/jce.jar:/Users/sfmewl/Library/Java/JavaVirtualMachines/adopt-openjdk-1.8.0_282/Contents/Home/jre/lib/jfr.jar:/Users/sfmewl/Library/Java/JavaVirtualMachines/adopt-openjdk-1.8.0_282/Contents/Home/jre/lib/jsse.jar:/Users/sfmewl/Library/Java/JavaVirtualMachines/adopt-openjdk-1.8.0_282/Contents/Home/jre/lib/management-agent.jar:/Users/sfmewl/Library/Java/JavaVirtualMachines/adopt-openjdk-1.8.0_282/Contents/Home/jre/lib/resources.jar:/Users/sfmewl/Library/Java/JavaVirtualMachin
Launcher Type: SUN_STANDARD

Environment Variables:
PATH=/usr/local/bin:/usr/bin:/bin:/usr/sbin:/sbin:/opt/homebrew/bin:/Users/sfmewl/.npm-global/bin
SHELL=/bin/zsh

Signal Handlers:
SIGSEGV: [libjvm.dylib+0x597a91], sa_mask[0]=11111111111111111111111111111111, sa_flags=SA_ONSTACK|SA_RESTART|SA_SIGINFO
SIGBUS: [libjvm.dylib+0x597a91], sa_mask[0]=11111111111111111111111111111111, sa_flags=SA_RESTART|SA_SIGINFO
SIGFPE: [libjvm.dylib+0x48ba83], sa_mask[0]=11111111111111111111111111111111, sa_flags=SA_RESTART|SA_SIGINFO
SIGPIPE: [libjvm.dylib+0x48ba83], sa_mask[0]=11111111111111111111111111111111, sa_flags=SA_RESTART|SA_SIGINFO
SIGXFSZ: [libjvm.dylib+0x48ba83], sa_mask[0]=11111111111111111111111111111111, sa_flags=SA_RESTART|SA_SIGINFO
SIGILL: [libjvm.dylib+0x48ba83], sa_mask[0]=11111111111111111111111111111111, sa_flags=SA_RESTART|SA_SIGINFO
SIGUSR1: SIG_DFL, sa_mask[0]=00000000000000000000000000000000, sa_flags=none
SIGUSR2: [libjvm.dylib+0x48c37a], sa_mask[0]=00100000000000000000000000000000, sa_flags=SA_RESTART|SA_SIGINFO
SIGHUP: [libjvm.dylib+0x48a579], sa_mask[0]=11111111111111111111111111111111, sa_flags=SA_RESTART|SA_SIGINFO
SIGINT: [libjvm.dylib+0x48a579], sa_mask[0]=11111111111111111111111111111111, sa_flags=SA_RESTART|SA_SIGINFO
SIGTERM: [libjvm.dylib+0x48a579], sa_mask[0]=11111111111111111111111111111111, sa_flags=SA_RESTART|SA_SIGINFO
SIGQUIT: [libjvm.dylib+0x48a579], sa_mask[0]=11111111111111111111111111111111, sa_flags=SA_RESTART|SA_SIGINFO


---------------  S Y S T E M  ---------------

OS:Bsduname:Darwin 20.3.0 Darwin Kernel Version 20.3.0: Thu Jan 21 00:06:51 PST 2021; root:xnu-7195.81.3~1/RELEASE_ARM64_T8101 x86_64
rlimit: STACK 8176k, CORE 0k, NPROC 2666, NOFILE 10240, AS infinity
load average:3.39 3.56 3.40

CPU:total 8 (initial active 8) (1 cores per cpu, 1 threads per core) family 6 model 44 stepping 0, cmov, cx8, fxsr, mmx, sse, sse2, sse3, ssse3, sse4.1, sse4.2, popcnt, aes, clmul, tsc, tscinvbit, tscinv

Memory: 4k page, physical 16777216k(69684k free)

/proc/meminfo:


vm_info: OpenJDK 64-Bit Server VM (25.282-b08) for bsd-amd64 JRE (1.8.0_282-b08), built on Jan 20 2021 11:47:40 by "jenkins" with gcc 4.2.1 Compatible Apple LLVM 10.0.1 (clang-1001.0.46.4)

time: Mon Jun 14 07:33:59 2021
timezone: CST
elapsed time: 0.876535 seconds (0d 0h 0m 0s)

